<?xml version="1.0" encoding="utf-8" standalone="no"?>
<!--This file represents the results of running a test suite-->
<test-results name="C:\Users\Aliaksandr_Nestsiare\Documents\Visual Studio 2013\Projects\UnitFrameworks\NUnit\bin\Debug\NUnit.dll" total="11" errors="0" failures="0" not-run="0" inconclusive="0" ignored="0" skipped="0" invalid="0" date="2017-06-05" time="18:49:20">
  <environment nunit-version="2.6.4.14350" clr-version="2.0.50727.8745" os-version="Microsoft Windows NT 6.2.9200.0" platform="Win32NT" cwd="C:\Users\Aliaksandr_Nestsiare\Documents\Visual Studio 2013\Projects\UnitFrameworks\NUnit\bin\Debug" machine-name="EPBYMINW2638" user="Aliaksandr_Nestsiare" user-domain="MINSK" />
  <culture-info current-culture="en-US" current-uiculture="en-US" />
  <test-suite type="Assembly" name="C:\Users\Aliaksandr_Nestsiare\Documents\Visual Studio 2013\Projects\UnitFrameworks\NUnit\bin\Debug\NUnit.dll" executed="True" result="Success" success="True" time="0.124" asserts="0">
    <results>
      <test-suite type="Namespace" name="NUnit" executed="True" result="Success" success="True" time="0.118" asserts="0">
        <results>
          <test-suite type="TestFixture" name="AbsTests" executed="True" result="Success" success="True" time="0.078" asserts="0">
            <results>
              <test-case name="NUnit.AbsTests.CheckAbs" executed="True" result="Success" success="True" time="0.057" asserts="1" />
            </results>
          </test-suite>
          <test-suite type="TestFixture" name="AddTests" executed="True" result="Success" success="True" time="0.001" asserts="0">
            <results>
              <test-case name="NUnit.AddTests.VerifyAdd" executed="True" result="Success" success="True" time="0.000" asserts="1" />
            </results>
          </test-suite>
          <test-suite type="TestFixture" name="CosTests" executed="True" result="Success" success="True" time="0.001" asserts="0">
            <results>
              <test-case name="NUnit.CosTests.VerifyCos" executed="True" result="Success" success="True" time="0.001" asserts="1" />
            </results>
          </test-suite>
          <test-suite type="TestFixture" name="DivideTests" executed="True" result="Success" success="True" time="0.001" asserts="0">
            <results>
              <test-case name="NUnit.DivideTests.VerifyDivide" executed="True" result="Success" success="True" time="0.000" asserts="1" />
            </results>
          </test-suite>
          <test-suite type="TestFixture" name="IsNegativeTests" executed="True" result="Success" success="True" time="0.001" asserts="0">
            <results>
              <test-case name="NUnit.IsNegativeTests.VerifyIsNegative" executed="True" result="Success" success="True" time="0.001" asserts="1" />
            </results>
          </test-suite>
          <test-suite type="TestFixture" name="IsPositiveTests" executed="True" result="Success" success="True" time="0.001" asserts="0">
            <results>
              <test-case name="NUnit.IsPositiveTests.VerifyIsPositive" executed="True" result="Success" success="True" time="0.000" asserts="1" />
            </results>
          </test-suite>
          <test-suite type="TestFixture" name="MultiplyTests" executed="True" result="Success" success="True" time="0.001" asserts="0">
            <results>
              <test-case name="NUnit.MultiplyTests.VerifyMultiply" executed="True" result="Success" success="True" time="0.000" asserts="1" />
            </results>
          </test-suite>
          <test-suite type="TestFixture" name="PowTests" executed="True" result="Success" success="True" time="0.002" asserts="0">
            <results>
              <test-case name="NUnit.PowTests.VerifyPow" executed="True" result="Success" success="True" time="0.001" asserts="1" />
            </results>
          </test-suite>
          <test-suite type="TestFixture" name="SinTests" executed="True" result="Success" success="True" time="0.001" asserts="0">
            <results>
              <test-case name="NUnit.SinTests.VerifySin" executed="True" result="Success" success="True" time="0.000" asserts="1" />
            </results>
          </test-suite>
          <test-suite type="TestFixture" name="SqrtTests" executed="True" result="Success" success="True" time="0.001" asserts="0">
            <results>
              <test-case name="NUnit.SqrtTests.VerifySqrt" executed="True" result="Success" success="True" time="0.000" asserts="1" />
            </results>
          </test-suite>
          <test-suite type="TestFixture" name="SubTests" executed="True" result="Success" success="True" time="0.001" asserts="0">
            <results>
              <test-case name="NUnit.SubTests.VerifySub" executed="True" result="Success" success="True" time="0.000" asserts="1" />
            </results>
          </test-suite>
        </results>
      </test-suite>
    </results>
  </test-suite>
</test-results>