<?xml version="1.0" encoding="UTF-8"?>
<TestRun id="dcbd30a6-e7e3-4dba-8a27-8ee9b7d6c467" name="Aliaksandr_Nestsiare@EPBYMINW2638 2017-06-05 19:55:52" runUser="MINSK\Aliaksandr_Nestsiare" xmlns="http://microsoft.com/schemas/VisualStudio/TeamTest/2010">
  <TestSettings name="Default Test Settings" id="4babef74-a960-4f60-8c1a-dbf277e6f465">
    <Execution>
      <TestTypeSpecific />
      <AgentRule name="Execution Agents">
      </AgentRule>
    </Execution>
    <Deployment runDeploymentRoot="Aliaksandr_Nestsiare_EPBYMINW2638 2017-06-05 19_55_52" />
    <Properties />
  </TestSettings>
  <Times creation="2017-06-05T19:55:52.5713057+03:00" queuing="2017-06-05T19:55:52.9174519+03:00" start="2017-06-05T19:55:52.9698462+03:00" finish="2017-06-05T19:55:53.2203610+03:00" />
  <ResultSummary outcome="Completed">
    <Counters total="10" executed="10" passed="10" error="0" failed="0" timeout="0" aborted="0" inconclusive="0" passedButRunAborted="0" notRunnable="0" notExecuted="0" disconnected="0" warning="0" completed="0" inProgress="0" pending="0" />
  </ResultSummary>
  <TestDefinitions>
    <UnitTest name="CheckCos" storage="mstest.dll" id="b5fecd14-0ace-03dc-6b1b-9f4e1f1dad53">
      <Execution id="f7754a16-5b81-40e7-9b7b-67f8874446a9" />
      <TestMethod codeBase="C:/Users/Aliaksandr_Nestsiare/Documents/Visual Studio 2013/Projects/UnitFrameworks/MSTest/bin/Debug/MSTest.dll" adapterTypeName="Microsoft.VisualStudio.TestTools.TestTypes.Unit.UnitTestAdapter, Microsoft.VisualStudio.QualityTools.Tips.UnitTest.Adapter, Version=12.0.0.0, Culture=neutral, PublicKeyToken=b03f5f7f11d50a3a" className="MSTest.CosTests, MSTest, Version=1.0.0.0, Culture=neutral, PublicKeyToken=null" name="CheckCos" />
    </UnitTest>
    <UnitTest name="CheckIsNegative" storage="mstest.dll" id="27c23d85-66dc-44f5-4e20-c4bec58155e4">
      <Execution id="94dc03fc-55f4-49ee-b20c-35f552fdb646" />
      <TestMethod codeBase="C:/Users/Aliaksandr_Nestsiare/Documents/Visual Studio 2013/Projects/UnitFrameworks/MSTest/bin/Debug/MSTest.dll" adapterTypeName="Microsoft.VisualStudio.TestTools.TestTypes.Unit.UnitTestAdapter, Microsoft.VisualStudio.QualityTools.Tips.UnitTest.Adapter, Version=12.0.0.0, Culture=neutral, PublicKeyToken=b03f5f7f11d50a3a" className="MSTest.IsNegativeTests, MSTest, Version=1.0.0.0, Culture=neutral, PublicKeyToken=null" name="CheckIsNegative" />
    </UnitTest>
    <UnitTest name="CheckSub" storage="mstest.dll" id="000dcee9-5c99-a30f-c392-e629df7efef0">
      <Execution id="09d9de1e-0a6e-4e57-a322-986901483579" />
      <TestMethod codeBase="C:/Users/Aliaksandr_Nestsiare/Documents/Visual Studio 2013/Projects/UnitFrameworks/MSTest/bin/Debug/MSTest.dll" adapterTypeName="Microsoft.VisualStudio.TestTools.TestTypes.Unit.UnitTestAdapter, Microsoft.VisualStudio.QualityTools.Tips.UnitTest.Adapter, Version=12.0.0.0, Culture=neutral, PublicKeyToken=b03f5f7f11d50a3a" className="MSTest.SubTests, MSTest, Version=1.0.0.0, Culture=neutral, PublicKeyToken=null" name="CheckSub" />
    </UnitTest>
    <UnitTest name="CheckPow" storage="mstest.dll" id="689b16d5-4985-2982-0996-fa4e36c3b4f2">
      <Execution id="9cc075ce-e5ff-4749-802a-19f3701ea985" />
      <TestMethod codeBase="C:/Users/Aliaksandr_Nestsiare/Documents/Visual Studio 2013/Projects/UnitFrameworks/MSTest/bin/Debug/MSTest.dll" adapterTypeName="Microsoft.VisualStudio.TestTools.TestTypes.Unit.UnitTestAdapter, Microsoft.VisualStudio.QualityTools.Tips.UnitTest.Adapter, Version=12.0.0.0, Culture=neutral, PublicKeyToken=b03f5f7f11d50a3a" className="MSTest.PowTests, MSTest, Version=1.0.0.0, Culture=neutral, PublicKeyToken=null" name="CheckPow" />
    </UnitTest>
    <UnitTest name="CheckSqrt" storage="mstest.dll" id="b8319896-994f-3391-1347-860cb2715d77">
      <Execution id="968d91cb-c9c3-41b2-8747-5f37e053fc91" />
      <TestMethod codeBase="C:/Users/Aliaksandr_Nestsiare/Documents/Visual Studio 2013/Projects/UnitFrameworks/MSTest/bin/Debug/MSTest.dll" adapterTypeName="Microsoft.VisualStudio.TestTools.TestTypes.Unit.UnitTestAdapter, Microsoft.VisualStudio.QualityTools.Tips.UnitTest.Adapter, Version=12.0.0.0, Culture=neutral, PublicKeyToken=b03f5f7f11d50a3a" className="MSTest.SqrtTests, MSTest, Version=1.0.0.0, Culture=neutral, PublicKeyToken=null" name="CheckSqrt" />
    </UnitTest>
    <UnitTest name="CheckSin" storage="mstest.dll" id="00fc19df-d805-7965-6eff-32fd4f24003f">
      <Execution id="3dff3e6e-a6d4-42df-9cdb-ce080eff0c29" />
      <TestMethod codeBase="C:/Users/Aliaksandr_Nestsiare/Documents/Visual Studio 2013/Projects/UnitFrameworks/MSTest/bin/Debug/MSTest.dll" adapterTypeName="Microsoft.VisualStudio.TestTools.TestTypes.Unit.UnitTestAdapter, Microsoft.VisualStudio.QualityTools.Tips.UnitTest.Adapter, Version=12.0.0.0, Culture=neutral, PublicKeyToken=b03f5f7f11d50a3a" className="MSTest.SinTests, MSTest, Version=1.0.0.0, Culture=neutral, PublicKeyToken=null" name="CheckSin" />
    </UnitTest>
    <UnitTest name="CheckAbs" storage="mstest.dll" id="9a17e9fa-b9f3-6cc0-74cb-2d8c1a8e9197">
      <Execution id="be550469-c64b-41fc-8580-8143f06d6366" />
      <TestMethod codeBase="C:/Users/Aliaksandr_Nestsiare/Documents/Visual Studio 2013/Projects/UnitFrameworks/MSTest/bin/Debug/MSTest.dll" adapterTypeName="Microsoft.VisualStudio.TestTools.TestTypes.Unit.UnitTestAdapter, Microsoft.VisualStudio.QualityTools.Tips.UnitTest.Adapter, Version=12.0.0.0, Culture=neutral, PublicKeyToken=b03f5f7f11d50a3a" className="MSTest.AbsTests, MSTest, Version=1.0.0.0, Culture=neutral, PublicKeyToken=null" name="CheckAbs" />
    </UnitTest>
    <UnitTest name="CheckIsPositive" storage="mstest.dll" id="fc9df8ae-ae40-65d8-5f98-62a7cbfca3ed">
      <Execution id="9aaf7407-c3ec-44a8-a5c6-dde74dc57f7d" />
      <TestMethod codeBase="C:/Users/Aliaksandr_Nestsiare/Documents/Visual Studio 2013/Projects/UnitFrameworks/MSTest/bin/Debug/MSTest.dll" adapterTypeName="Microsoft.VisualStudio.TestTools.TestTypes.Unit.UnitTestAdapter, Microsoft.VisualStudio.QualityTools.Tips.UnitTest.Adapter, Version=12.0.0.0, Culture=neutral, PublicKeyToken=b03f5f7f11d50a3a" className="MSTest.IsPositiveTests, MSTest, Version=1.0.0.0, Culture=neutral, PublicKeyToken=null" name="CheckIsPositive" />
    </UnitTest>
    <UnitTest name="CheckDivide" storage="mstest.dll" id="edd754d8-5907-ba75-557b-9d3b90bce81f">
      <Execution id="0d5c0e08-42fc-47fc-af40-ab98ef48598b" />
      <TestMethod codeBase="C:/Users/Aliaksandr_Nestsiare/Documents/Visual Studio 2013/Projects/UnitFrameworks/MSTest/bin/Debug/MSTest.dll" adapterTypeName="Microsoft.VisualStudio.TestTools.TestTypes.Unit.UnitTestAdapter, Microsoft.VisualStudio.QualityTools.Tips.UnitTest.Adapter, Version=12.0.0.0, Culture=neutral, PublicKeyToken=b03f5f7f11d50a3a" className="MSTest.DivideTests, MSTest, Version=1.0.0.0, Culture=neutral, PublicKeyToken=null" name="CheckDivide" />
    </UnitTest>
    <UnitTest name="CheckMultiply" storage="mstest.dll" id="ebdcb995-c05f-dcdc-de47-4ef9d725de14">
      <Execution id="96a9fa5c-a0fb-48ac-8f32-0583e237cfa6" />
      <TestMethod codeBase="C:/Users/Aliaksandr_Nestsiare/Documents/Visual Studio 2013/Projects/UnitFrameworks/MSTest/bin/Debug/MSTest.dll" adapterTypeName="Microsoft.VisualStudio.TestTools.TestTypes.Unit.UnitTestAdapter, Microsoft.VisualStudio.QualityTools.Tips.UnitTest.Adapter, Version=12.0.0.0, Culture=neutral, PublicKeyToken=b03f5f7f11d50a3a" className="MSTest.MultiplyTests, MSTest, Version=1.0.0.0, Culture=neutral, PublicKeyToken=null" name="CheckMultiply" />
    </UnitTest>
  </TestDefinitions>
  <TestLists>
    <TestList name="Results Not in a List" id="8c84fa94-04c1-424b-9868-57a2d4851a1d" />
    <TestList name="All Loaded Results" id="19431567-8539-422a-85d7-44ee4e166bda" />
  </TestLists>
  <TestEntries>
    <TestEntry testId="9a17e9fa-b9f3-6cc0-74cb-2d8c1a8e9197" executionId="be550469-c64b-41fc-8580-8143f06d6366" testListId="8c84fa94-04c1-424b-9868-57a2d4851a1d" />
    <TestEntry testId="b5fecd14-0ace-03dc-6b1b-9f4e1f1dad53" executionId="f7754a16-5b81-40e7-9b7b-67f8874446a9" testListId="8c84fa94-04c1-424b-9868-57a2d4851a1d" />
    <TestEntry testId="edd754d8-5907-ba75-557b-9d3b90bce81f" executionId="0d5c0e08-42fc-47fc-af40-ab98ef48598b" testListId="8c84fa94-04c1-424b-9868-57a2d4851a1d" />
    <TestEntry testId="27c23d85-66dc-44f5-4e20-c4bec58155e4" executionId="94dc03fc-55f4-49ee-b20c-35f552fdb646" testListId="8c84fa94-04c1-424b-9868-57a2d4851a1d" />
    <TestEntry testId="fc9df8ae-ae40-65d8-5f98-62a7cbfca3ed" executionId="9aaf7407-c3ec-44a8-a5c6-dde74dc57f7d" testListId="8c84fa94-04c1-424b-9868-57a2d4851a1d" />
    <TestEntry testId="ebdcb995-c05f-dcdc-de47-4ef9d725de14" executionId="96a9fa5c-a0fb-48ac-8f32-0583e237cfa6" testListId="8c84fa94-04c1-424b-9868-57a2d4851a1d" />
    <TestEntry testId="689b16d5-4985-2982-0996-fa4e36c3b4f2" executionId="9cc075ce-e5ff-4749-802a-19f3701ea985" testListId="8c84fa94-04c1-424b-9868-57a2d4851a1d" />
    <TestEntry testId="00fc19df-d805-7965-6eff-32fd4f24003f" executionId="3dff3e6e-a6d4-42df-9cdb-ce080eff0c29" testListId="8c84fa94-04c1-424b-9868-57a2d4851a1d" />
    <TestEntry testId="b8319896-994f-3391-1347-860cb2715d77" executionId="968d91cb-c9c3-41b2-8747-5f37e053fc91" testListId="8c84fa94-04c1-424b-9868-57a2d4851a1d" />
    <TestEntry testId="000dcee9-5c99-a30f-c392-e629df7efef0" executionId="09d9de1e-0a6e-4e57-a322-986901483579" testListId="8c84fa94-04c1-424b-9868-57a2d4851a1d" />
  </TestEntries>
  <Results>
    <UnitTestResult executionId="be550469-c64b-41fc-8580-8143f06d6366" testId="9a17e9fa-b9f3-6cc0-74cb-2d8c1a8e9197" testName="CheckAbs" computerName="EPBYMINW2638" duration="00:00:00.0159257" startTime="2017-06-05T19:55:52.9914324+03:00" endTime="2017-06-05T19:55:53.1710014+03:00" testType="13cdc9d9-ddb5-4fa4-a97d-d965ccfc6d4b" outcome="Passed" testListId="8c84fa94-04c1-424b-9868-57a2d4851a1d" relativeResultsDirectory="be550469-c64b-41fc-8580-8143f06d6366">
    </UnitTestResult>
    <UnitTestResult executionId="f7754a16-5b81-40e7-9b7b-67f8874446a9" testId="b5fecd14-0ace-03dc-6b1b-9f4e1f1dad53" testName="CheckCos" computerName="EPBYMINW2638" duration="00:00:00.0003413" startTime="2017-06-05T19:55:53.1720040+03:00" endTime="2017-06-05T19:55:53.1730085+03:00" testType="13cdc9d9-ddb5-4fa4-a97d-d965ccfc6d4b" outcome="Passed" testListId="8c84fa94-04c1-424b-9868-57a2d4851a1d" relativeResultsDirectory="f7754a16-5b81-40e7-9b7b-67f8874446a9">
    </UnitTestResult>
    <UnitTestResult executionId="0d5c0e08-42fc-47fc-af40-ab98ef48598b" testId="edd754d8-5907-ba75-557b-9d3b90bce81f" testName="CheckDivide" computerName="EPBYMINW2638" duration="00:00:00.0002445" startTime="2017-06-05T19:55:53.1740112+03:00" endTime="2017-06-05T19:55:53.1760579+03:00" testType="13cdc9d9-ddb5-4fa4-a97d-d965ccfc6d4b" outcome="Passed" testListId="8c84fa94-04c1-424b-9868-57a2d4851a1d" relativeResultsDirectory="0d5c0e08-42fc-47fc-af40-ab98ef48598b">
    </UnitTestResult>
    <UnitTestResult executionId="94dc03fc-55f4-49ee-b20c-35f552fdb646" testId="27c23d85-66dc-44f5-4e20-c4bec58155e4" testName="CheckIsNegative" computerName="EPBYMINW2638" duration="00:00:00.0004080" startTime="2017-06-05T19:55:53.1770188+03:00" endTime="2017-06-05T19:55:53.1790230+03:00" testType="13cdc9d9-ddb5-4fa4-a97d-d965ccfc6d4b" outcome="Passed" testListId="8c84fa94-04c1-424b-9868-57a2d4851a1d" relativeResultsDirectory="94dc03fc-55f4-49ee-b20c-35f552fdb646">
    </UnitTestResult>
    <UnitTestResult executionId="9aaf7407-c3ec-44a8-a5c6-dde74dc57f7d" testId="fc9df8ae-ae40-65d8-5f98-62a7cbfca3ed" testName="CheckIsPositive" computerName="EPBYMINW2638" duration="00:00:00.0002833" startTime="2017-06-05T19:55:53.1800259+03:00" endTime="2017-06-05T19:55:53.1810289+03:00" testType="13cdc9d9-ddb5-4fa4-a97d-d965ccfc6d4b" outcome="Passed" testListId="8c84fa94-04c1-424b-9868-57a2d4851a1d" relativeResultsDirectory="9aaf7407-c3ec-44a8-a5c6-dde74dc57f7d">
    </UnitTestResult>
    <UnitTestResult executionId="96a9fa5c-a0fb-48ac-8f32-0583e237cfa6" testId="ebdcb995-c05f-dcdc-de47-4ef9d725de14" testName="CheckMultiply" computerName="EPBYMINW2638" duration="00:00:00.0003052" startTime="2017-06-05T19:55:53.1820330+03:00" endTime="2017-06-05T19:55:53.1850395+03:00" testType="13cdc9d9-ddb5-4fa4-a97d-d965ccfc6d4b" outcome="Passed" testListId="8c84fa94-04c1-424b-9868-57a2d4851a1d" relativeResultsDirectory="96a9fa5c-a0fb-48ac-8f32-0583e237cfa6">
    </UnitTestResult>
    <UnitTestResult executionId="9cc075ce-e5ff-4749-802a-19f3701ea985" testId="689b16d5-4985-2982-0996-fa4e36c3b4f2" testName="CheckPow" computerName="EPBYMINW2638" duration="00:00:00.0004212" startTime="2017-06-05T19:55:53.1860416+03:00" endTime="2017-06-05T19:55:53.1880475+03:00" testType="13cdc9d9-ddb5-4fa4-a97d-d965ccfc6d4b" outcome="Passed" testListId="8c84fa94-04c1-424b-9868-57a2d4851a1d" relativeResultsDirectory="9cc075ce-e5ff-4749-802a-19f3701ea985">
    </UnitTestResult>
    <UnitTestResult executionId="3dff3e6e-a6d4-42df-9cdb-ce080eff0c29" testId="00fc19df-d805-7965-6eff-32fd4f24003f" testName="CheckSin" computerName="EPBYMINW2638" duration="00:00:00.0003740" startTime="2017-06-05T19:55:53.1890517+03:00" endTime="2017-06-05T19:55:53.1910570+03:00" testType="13cdc9d9-ddb5-4fa4-a97d-d965ccfc6d4b" outcome="Passed" testListId="8c84fa94-04c1-424b-9868-57a2d4851a1d" relativeResultsDirectory="3dff3e6e-a6d4-42df-9cdb-ce080eff0c29">
    </UnitTestResult>
    <UnitTestResult executionId="968d91cb-c9c3-41b2-8747-5f37e053fc91" testId="b8319896-994f-3391-1347-860cb2715d77" testName="CheckSqrt" computerName="EPBYMINW2638" duration="00:00:00.0002779" startTime="2017-06-05T19:55:53.1920636+03:00" endTime="2017-06-05T19:55:53.1940650+03:00" testType="13cdc9d9-ddb5-4fa4-a97d-d965ccfc6d4b" outcome="Passed" testListId="8c84fa94-04c1-424b-9868-57a2d4851a1d" relativeResultsDirectory="968d91cb-c9c3-41b2-8747-5f37e053fc91">
    </UnitTestResult>
    <UnitTestResult executionId="09d9de1e-0a6e-4e57-a322-986901483579" testId="000dcee9-5c99-a30f-c392-e629df7efef0" testName="CheckSub" computerName="EPBYMINW2638" duration="00:00:00.0004332" startTime="2017-06-05T19:55:53.1950676+03:00" endTime="2017-06-05T19:55:53.1970729+03:00" testType="13cdc9d9-ddb5-4fa4-a97d-d965ccfc6d4b" outcome="Passed" testListId="8c84fa94-04c1-424b-9868-57a2d4851a1d" relativeResultsDirectory="09d9de1e-0a6e-4e57-a322-986901483579">
    </UnitTestResult>
  </Results>
</TestRun>